<?xml version="1.0" encoding="UTF-8"?>
<!-- Generated by org.testng.reporters.JUnitReportReporter -->
<testsuite hostname="DESKTOP-HCJ0JMN" failures="0" tests="1" name="org.omrbranch.sampleAPI.CreateFlight" time="3.093" errors="0" timestamp="2024-12-03T11:57:41 IST" skipped="0">
  <testcase classname="org.omrbranch.sampleAPI.CreateFlight" name="create" time="3.093"/>
</testsuite> <!-- org.omrbranch.sampleAPI.CreateFlight -->
