<?xml version="1.0" encoding="UTF-8"?>
<!-- Generated by org.testng.reporters.JUnitReportReporter -->
<testsuite hostname="DESKTOP-HCJ0JMN" failures="0" tests="6" name="org.omrbranch.sampleAPI.AllTypes" time="13.786" errors="0" timestamp="2024-12-03T13:43:51 IST" skipped="0">
  <testcase classname="org.omrbranch.sampleAPI.AllTypes" name="create" time="4.385"/>
  <testcase classname="org.omrbranch.sampleAPI.AllTypes" name="getSingle" time="1.126"/>
  <testcase classname="org.omrbranch.sampleAPI.AllTypes" name="put" time="2.623"/>
  <testcase classname="org.omrbranch.sampleAPI.AllTypes" name="patch" time="2.857"/>
  <testcase classname="org.omrbranch.sampleAPI.AllTypes" name="delete" time="1.784"/>
  <testcase classname="org.omrbranch.sampleAPI.AllTypes" name="getList" time="1.011"/>
</testsuite> <!-- org.omrbranch.sampleAPI.AllTypes -->
