<?xml version="1.0" encoding="UTF-8"?>
<!-- Generated by org.testng.reporters.JUnitReportReporter -->
<testsuite hostname="DESKTOP-HCJ0JMN" failures="0" tests="1" name="org.omrbranch.sampleAPI.DeleteFlight" time="2.839" errors="0" timestamp="2024-12-03T11:49:11 IST" skipped="0">
  <testcase classname="org.omrbranch.sampleAPI.DeleteFlight" name="delete" time="2.839"/>
</testsuite> <!-- org.omrbranch.sampleAPI.DeleteFlight -->
