<?xml version="1.0" encoding="UTF-8"?>
<!-- Generated by org.testng.reporters.JUnitReportReporter -->
<testsuite hostname="DESKTOP-HCJ0JMN" failures="0" tests="1" name="org.omrbranch.sampleAPI.GetListFlight" time="4.215" errors="0" timestamp="2024-12-03T11:44:33 IST" skipped="0">
  <testcase classname="org.omrbranch.sampleAPI.GetListFlight" name="getList" time="4.215"/>
</testsuite> <!-- org.omrbranch.sampleAPI.GetListFlight -->
