<?xml version="1.0" encoding="UTF-8"?>
<!-- Generated by org.testng.reporters.JUnitReportReporter -->
<testsuite hostname="DESKTOP-HCJ0JMN" failures="0" tests="1" name="org.omrbranch.sampleAPI.PatchFlight" time="4.058" errors="0" timestamp="2024-12-03T11:48:03 IST" skipped="0">
  <testcase classname="org.omrbranch.sampleAPI.PatchFlight" name="put" time="4.058"/>
</testsuite> <!-- org.omrbranch.sampleAPI.PatchFlight -->
