<?xml version="1.0" encoding="UTF-8"?>
<!-- Generated by org.testng.reporters.JUnitReportReporter -->
<testsuite hostname="DESKTOP-HCJ0JMN" failures="0" tests="1" name="org.omrbranch.sampleAPI.GetFlight" time="11.077" errors="0" timestamp="2024-12-03T11:35:55 IST" skipped="0">
  <testcase classname="org.omrbranch.sampleAPI.GetFlight" name="getSingle" time="11.077"/>
</testsuite> <!-- org.omrbranch.sampleAPI.GetFlight -->
