<?xml version="1.0" encoding="UTF-8"?>
<!-- Generated by org.testng.reporters.JUnitReportReporter -->
<testsuite hostname="DESKTOP-HCJ0JMN" failures="0" tests="1" name="org.omrbranch.sampleAPI.PutFlight" time="2.735" errors="0" timestamp="2024-12-03T11:46:31 IST" skipped="0">
  <testcase classname="org.omrbranch.sampleAPI.PutFlight" name="put" time="2.735"/>
</testsuite> <!-- org.omrbranch.sampleAPI.PutFlight -->
